<?xml version="1.0" encoding="UTF-8"?>
<!-- Generated by org.testng.reporters.JUnitReportReporter -->
<testsuite skipped="0" hostname="dell-PC" name="gitTest.GitTest2" tests="1" failures="0" timestamp="04 Mar 2018 11:32:04 GMT" time="16.217" errors="0">
  <testcase name="loginTest" time="16.217" classname="gitTest.GitTest2"/>
</testsuite> <!-- gitTest.GitTest2 -->
