<?xml version="1.0" encoding="UTF-8"?>
<!-- Generated by org.testng.reporters.JUnitReportReporter -->
<testsuite skipped="0" hostname="dell-PC" name="gitTest.GitTest" tests="1" failures="0" timestamp="25 Feb 2018 11:41:16 GMT" time="12.401" errors="0">
  <testcase name="loginTest" time="12.401" classname="gitTest.GitTest"/>
</testsuite> <!-- gitTest.GitTest -->
