<?xml version="1.0" encoding="UTF-8"?>
<!-- Generated by org.testng.reporters.JUnitReportReporter -->
<testsuite skipped="0" hostname="dell-PC" name="gitTest.GitTest" tests="1" failures="0" timestamp="04 Mar 2018 11:54:26 GMT" time="14.025" errors="0">
  <testcase name="loginTest" time="14.025" classname="gitTest.GitTest"/>
</testsuite> <!-- gitTest.GitTest -->
