<?xml version="1.0" encoding="UTF-8"?>
<!-- Generated by org.testng.reporters.JUnitReportReporter -->
<testsuite name="gitTest.GitTest" tests="1" time="12.599" ignored="0" failures="0" timestamp="04 Mar 2018 11:56:04 GMT" skipped="0" hostname="dell-PC" errors="0">
  <testcase name="loginTest" time="12.599" classname="gitTest.GitTest"/>
</testsuite> <!-- gitTest.GitTest -->
